2025-03-06 – Add animated CTA button – 0
2025-03-06 – Fix broken links – 1
2025-03-06 – Add smooth scroll behavior – 2
2025-03-06 – Add services section layout – 3
2025-03-06 – Embed contact form – 4
2025-03-06 – Insert testimonials placeholder – 5
2025-03-07 – Optimize hero image – 0
2025-03-07 – Embed contact form – 1
2025-03-07 – Deploy to Vercel – 2
2025-03-08 – Add smooth scroll behavior – 0
2025-03-08 – Fix navbar scroll issue – 1
2025-03-08 – Make layout mobile responsive – 2
2025-03-08 – Make layout mobile responsive – 3
2025-03-08 – Refine footer layout – 4
2025-03-08 – Deploy to Vercel – 5
2025-03-08 – Setup base CSS and fonts – 6
2025-03-08 – Deploy to Vercel – 7
2025-03-09 – Embed contact form – 0
2025-03-09 – Add smooth scroll behavior – 1
2025-03-09 – Update color scheme – 2
2025-03-09 – Refine footer layout – 3
2025-03-09 – Fix broken links – 4
2025-03-09 – Update color scheme – 5
2025-03-09 – Minify CSS – 6
2025-03-10 – Improve contrast for accessibility – 0
2025-03-10 – Embed contact form – 1
2025-03-10 – Optimize hero image – 2
2025-03-10 – Make layout mobile responsive – 3
2025-03-10 – Refine footer layout – 4
2025-03-11 – Add favicon and meta tags – 0
2025-03-11 – Add smooth scroll behavior – 1
2025-03-12 – Setup base CSS and fonts – 0
2025-03-12 – Refine footer layout – 1
2025-03-13 – Fix broken links – 0
2025-03-13 – Add animated CTA button – 1
2025-03-14 – Fix navbar scroll issue – 0
2025-03-14 – Add smooth scroll behavior – 1
2025-03-14 – Fix broken links – 2
2025-03-14 – Design hero section – 3
